<?xml version="1.0" encoding="UTF-8"?>
<testsuite errors="0" failures="30" name="wh_parse.ParserTest-20170410180947" skipped="0" tests="955" time="1.420">
	<testcase classname="wh_parse.ParserTest" name="test_0" time="0.002"/>
	<testcase classname="wh_parse.ParserTest" name="test_1" time="0.001"/>
	<testcase classname="wh_parse.ParserTest" name="test_10" time="0.002"/>
	<testcase classname="wh_parse.ParserTest" name="test_100" time="0.001"/>
	<testcase classname="wh_parse.ParserTest" name="test_101" time="0.002"/>
	<testcase classname="wh_parse.ParserTest" name="test_102" time="0.001"/>
	<testcase classname="wh_parse.ParserTest" name="test_103" time="0.001"/>
	<testcase classname="wh_parse.ParserTest" name="test_104" time="0.002"/>
	<testcase classname="wh_parse.ParserTest" name="test_105" time="0.001"/>
	<testcase classname="wh_parse.ParserTest" name="test_106" time="0.002"/>
	<testcase classname="wh_parse.ParserTest" name="test_107" time="0.001"/>
	<testcase classname="wh_parse.ParserTest" name="test_108" time="0.002"/>
	<testcase classname="wh_parse.ParserTest" name="test_109" time="0.001"/>
	<testcase classname="wh_parse.ParserTest" name="test_11" time="0.002"/>
	<testcase classname="wh_parse.ParserTest" name="test_110" time="0.001"/>
	<testcase classname="wh_parse.ParserTest" name="test_111" time="0.001"/>
	<testcase classname="wh_parse.ParserTest" name="test_112" time="0.002"/>
	<testcase classname="wh_parse.ParserTest" name="test_113" time="0.001"/>
	<testcase classname="wh_parse.ParserTest" name="test_114" time="0.001"/>
	<testcase classname="wh_parse.ParserTest" name="test_115" time="0.002"/>
	<testcase classname="wh_parse.ParserTest" name="test_116" time="0.001"/>
	<testcase classname="wh_parse.ParserTest" name="test_117" time="0.001"/>
	<testcase classname="wh_parse.ParserTest" name="test_118" time="0.001"/>
	<testcase classname="wh_parse.ParserTest" name="test_119" time="0.001"/>
	<testcase classname="wh_parse.ParserTest" name="test_12" time="0.002"/>
	<testcase classname="wh_parse.ParserTest" name="test_120" time="0.001"/>
	<testcase classname="wh_parse.ParserTest" name="test_121" time="0.001"/>
	<testcase classname="wh_parse.ParserTest" name="test_122" time="0.002"/>
	<testcase classname="wh_parse.ParserTest" name="test_123" time="0.001"/>
	<testcase classname="wh_parse.ParserTest" name="test_124" time="0.001"/>
	<testcase classname="wh_parse.ParserTest" name="test_125" time="0.001"/>
	<testcase classname="wh_parse.ParserTest" name="test_126" time="0.001"/>
	<testcase classname="wh_parse.ParserTest" name="test_127" time="0.001"/>
	<testcase classname="wh_parse.ParserTest" name="test_128" time="0.001"/>
	<testcase classname="wh_parse.ParserTest" name="test_129" time="0.001"/>
	<testcase classname="wh_parse.ParserTest" name="test_13" time="0.002"/>
	<testcase classname="wh_parse.ParserTest" name="test_130" time="0.001"/>
	<testcase classname="wh_parse.ParserTest" name="test_131" time="0.002"/>
	<testcase classname="wh_parse.ParserTest" name="test_132" time="0.001"/>
	<testcase classname="wh_parse.ParserTest" name="test_133" time="0.002"/>
	<testcase classname="wh_parse.ParserTest" name="test_134" time="0.001"/>
	<testcase classname="wh_parse.ParserTest" name="test_135" time="0.001"/>
	<testcase classname="wh_parse.ParserTest" name="test_136" time="0.002"/>
	<testcase classname="wh_parse.ParserTest" name="test_137" time="0.001"/>
	<testcase classname="wh_parse.ParserTest" name="test_138" time="0.002"/>
	<testcase classname="wh_parse.ParserTest" name="test_139" time="0.001"/>
	<testcase classname="wh_parse.ParserTest" name="test_14" time="0.002"/>
	<testcase classname="wh_parse.ParserTest" name="test_140" time="0.001"/>
	<testcase classname="wh_parse.ParserTest" name="test_141" time="0.002"/>
	<testcase classname="wh_parse.ParserTest" name="test_142" time="0.001"/>
	<testcase classname="wh_parse.ParserTest" name="test_143" time="0.002"/>
	<testcase classname="wh_parse.ParserTest" name="test_144" time="0.001"/>
	<testcase classname="wh_parse.ParserTest" name="test_145" time="0.001"/>
	<testcase classname="wh_parse.ParserTest" name="test_146" time="0.002"/>
	<testcase classname="wh_parse.ParserTest" name="test_147" time="0.001"/>
	<testcase classname="wh_parse.ParserTest" name="test_148" time="0.002"/>
	<testcase classname="wh_parse.ParserTest" name="test_149" time="0.001"/>
	<testcase classname="wh_parse.ParserTest" name="test_15" time="0.001"/>
	<testcase classname="wh_parse.ParserTest" name="test_150" time="0.002"/>
	<testcase classname="wh_parse.ParserTest" name="test_151" time="0.001"/>
	<testcase classname="wh_parse.ParserTest" name="test_152" time="0.002"/>
	<testcase classname="wh_parse.ParserTest" name="test_153" time="0.001"/>
	<testcase classname="wh_parse.ParserTest" name="test_154" time="0.002"/>
	<testcase classname="wh_parse.ParserTest" name="test_155" time="0.001"/>
	<testcase classname="wh_parse.ParserTest" name="test_156" time="0.001"/>
	<testcase classname="wh_parse.ParserTest" name="test_157" time="0.002"/>
	<testcase classname="wh_parse.ParserTest" name="test_158" time="0.001"/>
	<testcase classname="wh_parse.ParserTest" name="test_159" time="0.002"/>
	<testcase classname="wh_parse.ParserTest" name="test_16" time="0.001"/>
	<testcase classname="wh_parse.ParserTest" name="test_160" time="0.001"/>
	<testcase classname="wh_parse.ParserTest" name="test_161" time="0.001"/>
	<testcase classname="wh_parse.ParserTest" name="test_162" time="0.001"/>
	<testcase classname="wh_parse.ParserTest" name="test_163" time="0.002"/>
	<testcase classname="wh_parse.ParserTest" name="test_164" time="0.001"/>
	<testcase classname="wh_parse.ParserTest" name="test_165" time="0.008"/>
	<testcase classname="wh_parse.ParserTest" name="test_166" time="0.002"/>
	<testcase classname="wh_parse.ParserTest" name="test_167" time="0.001"/>
	<testcase classname="wh_parse.ParserTest" name="test_168" time="0.002"/>
	<testcase classname="wh_parse.ParserTest" name="test_169" time="0.001"/>
	<testcase classname="wh_parse.ParserTest" name="test_17" time="0.002"/>
	<testcase classname="wh_parse.ParserTest" name="test_170" time="0.001"/>
	<testcase classname="wh_parse.ParserTest" name="test_171" time="0.002"/>
	<testcase classname="wh_parse.ParserTest" name="test_172" time="0.001"/>
	<testcase classname="wh_parse.ParserTest" name="test_173" time="0.002"/>
	<testcase classname="wh_parse.ParserTest" name="test_174" time="0.001"/>
	<testcase classname="wh_parse.ParserTest" name="test_175" time="0.001"/>
	<testcase classname="wh_parse.ParserTest" name="test_176" time="0.001"/>
	<testcase classname="wh_parse.ParserTest" name="test_177" time="0.002"/>
	<testcase classname="wh_parse.ParserTest" name="test_178" time="0.002"/>
	<testcase classname="wh_parse.ParserTest" name="test_179" time="0.001"/>
	<testcase classname="wh_parse.ParserTest" name="test_18" time="0.002"/>
	<testcase classname="wh_parse.ParserTest" name="test_180" time="0.001"/>
	<testcase classname="wh_parse.ParserTest" name="test_181" time="0.002"/>
	<testcase classname="wh_parse.ParserTest" name="test_182" time="0.001"/>
	<testcase classname="wh_parse.ParserTest" name="test_183" time="0.002"/>
	<testcase classname="wh_parse.ParserTest" name="test_184" time="0.001"/>
	<testcase classname="wh_parse.ParserTest" name="test_185" time="0.002"/>
	<testcase classname="wh_parse.ParserTest" name="test_186" time="0.001"/>
	<testcase classname="wh_parse.ParserTest" name="test_187" time="0.002"/>
	<testcase classname="wh_parse.ParserTest" name="test_188" time="0.001"/>
	<testcase classname="wh_parse.ParserTest" name="test_189" time="0.002"/>
	<testcase classname="wh_parse.ParserTest" name="test_19" time="0.001"/>
	<testcase classname="wh_parse.ParserTest" name="test_190" time="0.002"/>
	<testcase classname="wh_parse.ParserTest" name="test_191" time="0.001"/>
	<testcase classname="wh_parse.ParserTest" name="test_192" time="0.002"/>
	<testcase classname="wh_parse.ParserTest" name="test_193" time="0.001"/>
	<testcase classname="wh_parse.ParserTest" name="test_194" time="0.001"/>
	<testcase classname="wh_parse.ParserTest" name="test_195" time="0.002"/>
	<testcase classname="wh_parse.ParserTest" name="test_196" time="0.001"/>
	<testcase classname="wh_parse.ParserTest" name="test_197" time="0.002"/>
	<testcase classname="wh_parse.ParserTest" name="test_198" time="0.002"/>
	<testcase classname="wh_parse.ParserTest" name="test_199" time="0.001"/>
	<testcase classname="wh_parse.ParserTest" name="test_2" time="0.002"/>
	<testcase classname="wh_parse.ParserTest" name="test_20" time="0.001"/>
	<testcase classname="wh_parse.ParserTest" name="test_200" time="0.002"/>
	<testcase classname="wh_parse.ParserTest" name="test_201" time="0.001"/>
	<testcase classname="wh_parse.ParserTest" name="test_202" time="0.002"/>
	<testcase classname="wh_parse.ParserTest" name="test_203" time="0.001"/>
	<testcase classname="wh_parse.ParserTest" name="test_204" time="0.001"/>
	<testcase classname="wh_parse.ParserTest" name="test_205" time="0.002"/>
	<testcase classname="wh_parse.ParserTest" name="test_206" time="0.001"/>
	<testcase classname="wh_parse.ParserTest" name="test_207" time="0.002"/>
	<testcase classname="wh_parse.ParserTest" name="test_208" time="0.001"/>
	<testcase classname="wh_parse.ParserTest" name="test_209" time="0.002"/>
	<testcase classname="wh_parse.ParserTest" name="test_21" time="0.001"/>
	<testcase classname="wh_parse.ParserTest" name="test_210" time="0.002"/>
	<testcase classname="wh_parse.ParserTest" name="test_211" time="0.001"/>
	<testcase classname="wh_parse.ParserTest" name="test_212" time="0.002"/>
	<testcase classname="wh_parse.ParserTest" name="test_213" time="0.001"/>
	<testcase classname="wh_parse.ParserTest" name="test_214" time="0.002"/>
	<testcase classname="wh_parse.ParserTest" name="test_215" time="0.001"/>
	<testcase classname="wh_parse.ParserTest" name="test_216" time="0.001"/>
	<testcase classname="wh_parse.ParserTest" name="test_217" time="0.002"/>
	<testcase classname="wh_parse.ParserTest" name="test_218" time="0.002"/>
	<testcase classname="wh_parse.ParserTest" name="test_219" time="0.001"/>
	<testcase classname="wh_parse.ParserTest" name="test_22" time="0.002"/>
	<testcase classname="wh_parse.ParserTest" name="test_220" time="0.001"/>
	<testcase classname="wh_parse.ParserTest" name="test_221" time="0.001"/>
	<testcase classname="wh_parse.ParserTest" name="test_222" time="0.001"/>
	<testcase classname="wh_parse.ParserTest" name="test_223" time="0.001"/>
	<testcase classname="wh_parse.ParserTest" name="test_224" time="0.002"/>
	<testcase classname="wh_parse.ParserTest" name="test_225" time="0.001"/>
	<testcase classname="wh_parse.ParserTest" name="test_226" time="0.002"/>
	<testcase classname="wh_parse.ParserTest" name="test_227" time="0.002"/>
	<testcase classname="wh_parse.ParserTest" name="test_228" time="0.001"/>
	<testcase classname="wh_parse.ParserTest" name="test_229" time="0.001"/>
	<testcase classname="wh_parse.ParserTest" name="test_23" time="0.001"/>
	<testcase classname="wh_parse.ParserTest" name="test_230" time="0.002"/>
	<testcase classname="wh_parse.ParserTest" name="test_231" time="0.001"/>
	<testcase classname="wh_parse.ParserTest" name="test_232" time="0.002"/>
	<testcase classname="wh_parse.ParserTest" name="test_233" time="0.001"/>
	<testcase classname="wh_parse.ParserTest" name="test_234" time="0.001"/>
	<testcase classname="wh_parse.ParserTest" name="test_235" time="0.002"/>
	<testcase classname="wh_parse.ParserTest" name="test_236" time="0.002"/>
	<testcase classname="wh_parse.ParserTest" name="test_237" time="0.001"/>
	<testcase classname="wh_parse.ParserTest" name="test_238" time="0.002"/>
	<testcase classname="wh_parse.ParserTest" name="test_239" time="0.001"/>
	<testcase classname="wh_parse.ParserTest" name="test_24" time="0.002"/>
	<testcase classname="wh_parse.ParserTest" name="test_240" time="0.001"/>
	<testcase classname="wh_parse.ParserTest" name="test_241" time="0.001"/>
	<testcase classname="wh_parse.ParserTest" name="test_242" time="0.002"/>
	<testcase classname="wh_parse.ParserTest" name="test_243" time="0.001"/>
	<testcase classname="wh_parse.ParserTest" name="test_244" time="0.002"/>
	<testcase classname="wh_parse.ParserTest" name="test_245" time="0.001"/>
	<testcase classname="wh_parse.ParserTest" name="test_246" time="0.001"/>
	<testcase classname="wh_parse.ParserTest" name="test_247" time="0.002"/>
	<testcase classname="wh_parse.ParserTest" name="test_248" time="0.002"/>
	<testcase classname="wh_parse.ParserTest" name="test_249" time="0.001"/>
	<testcase classname="wh_parse.ParserTest" name="test_25" time="0.002"/>
	<testcase classname="wh_parse.ParserTest" name="test_250" time="0.001"/>
	<testcase classname="wh_parse.ParserTest" name="test_251" time="0.001"/>
	<testcase classname="wh_parse.ParserTest" name="test_252" time="0.002"/>
	<testcase classname="wh_parse.ParserTest" name="test_253" time="0.001"/>
	<testcase classname="wh_parse.ParserTest" name="test_254" time="0.002"/>
	<testcase classname="wh_parse.ParserTest" name="test_255" time="0.001"/>
	<testcase classname="wh_parse.ParserTest" name="test_256" time="0.001"/>
	<testcase classname="wh_parse.ParserTest" name="test_257" time="0.002"/>
	<testcase classname="wh_parse.ParserTest" name="test_258" time="0.001"/>
	<testcase classname="wh_parse.ParserTest" name="test_259" time="0.002"/>
	<testcase classname="wh_parse.ParserTest" name="test_26" time="0.001"/>
	<testcase classname="wh_parse.ParserTest" name="test_260" time="0.002"/>
	<testcase classname="wh_parse.ParserTest" name="test_261" time="0.001"/>
	<testcase classname="wh_parse.ParserTest" name="test_262" time="0.002"/>
	<testcase classname="wh_parse.ParserTest" name="test_263" time="0.001"/>
	<testcase classname="wh_parse.ParserTest" name="test_264" time="0.001"/>
	<testcase classname="wh_parse.ParserTest" name="test_265" time="0.002"/>
	<testcase classname="wh_parse.ParserTest" name="test_266" time="0.001"/>
	<testcase classname="wh_parse.ParserTest" name="test_267" time="0.002"/>
	<testcase classname="wh_parse.ParserTest" name="test_268" time="0.001"/>
	<testcase classname="wh_parse.ParserTest" name="test_269" time="0.002"/>
	<testcase classname="wh_parse.ParserTest" name="test_27" time="0.011"/>
	<testcase classname="wh_parse.ParserTest" name="test_270" time="0.002"/>
	<testcase classname="wh_parse.ParserTest" name="test_271" time="0.002"/>
	<testcase classname="wh_parse.ParserTest" name="test_272" time="0.001"/>
	<testcase classname="wh_parse.ParserTest" name="test_273" time="0.001"/>
	<testcase classname="wh_parse.ParserTest" name="test_274" time="0.001"/>
	<testcase classname="wh_parse.ParserTest" name="test_275" time="0.002"/>
	<testcase classname="wh_parse.ParserTest" name="test_276" time="0.001"/>
	<testcase classname="wh_parse.ParserTest" name="test_277" time="0.002"/>
	<testcase classname="wh_parse.ParserTest" name="test_278" time="0.002"/>
	<testcase classname="wh_parse.ParserTest" name="test_279" time="0.001"/>
	<testcase classname="wh_parse.ParserTest" name="test_28" time="0.002"/>
	<testcase classname="wh_parse.ParserTest" name="test_280" time="0.001"/>
	<testcase classname="wh_parse.ParserTest" name="test_281" time="0.001"/>
	<testcase classname="wh_parse.ParserTest" name="test_282" time="0.002"/>
	<testcase classname="wh_parse.ParserTest" name="test_283" time="0.001"/>
	<testcase classname="wh_parse.ParserTest" name="test_284" time="0.001"/>
	<testcase classname="wh_parse.ParserTest" name="test_285" time="0.002"/>
	<testcase classname="wh_parse.ParserTest" name="test_286" time="0.001"/>
	<testcase classname="wh_parse.ParserTest" name="test_287" time="0.001"/>
	<testcase classname="wh_parse.ParserTest" name="test_288" time="0.002"/>
	<testcase classname="wh_parse.ParserTest" name="test_289" time="0.001"/>
	<testcase classname="wh_parse.ParserTest" name="test_29" time="0.002"/>
	<testcase classname="wh_parse.ParserTest" name="test_290" time="0.001"/>
	<testcase classname="wh_parse.ParserTest" name="test_291" time="0.001"/>
	<testcase classname="wh_parse.ParserTest" name="test_292" time="0.002"/>
	<testcase classname="wh_parse.ParserTest" name="test_293" time="0.001"/>
	<testcase classname="wh_parse.ParserTest" name="test_294" time="0.001"/>
	<testcase classname="wh_parse.ParserTest" name="test_295" time="0.002"/>
	<testcase classname="wh_parse.ParserTest" name="test_296" time="0.001"/>
	<testcase classname="wh_parse.ParserTest" name="test_297" time="0.001"/>
	<testcase classname="wh_parse.ParserTest" name="test_298" time="0.002"/>
	<testcase classname="wh_parse.ParserTest" name="test_299" time="0.001"/>
	<testcase classname="wh_parse.ParserTest" name="test_3" time="0.002"/>
	<testcase classname="wh_parse.ParserTest" name="test_30" time="0.001"/>
	<testcase classname="wh_parse.ParserTest" name="test_300" time="0.001"/>
	<testcase classname="wh_parse.ParserTest" name="test_301" time="0.001"/>
	<testcase classname="wh_parse.ParserTest" name="test_302" time="0.002"/>
	<testcase classname="wh_parse.ParserTest" name="test_303" time="0.001"/>
	<testcase classname="wh_parse.ParserTest" name="test_304" time="0.001"/>
	<testcase classname="wh_parse.ParserTest" name="test_305" time="0.002"/>
	<testcase classname="wh_parse.ParserTest" name="test_306" time="0.001"/>
	<testcase classname="wh_parse.ParserTest" name="test_307" time="0.002"/>
	<testcase classname="wh_parse.ParserTest" name="test_308" time="0.001"/>
	<testcase classname="wh_parse.ParserTest" name="test_309" time="0.002"/>
	<testcase classname="wh_parse.ParserTest" name="test_31" time="0.001"/>
	<testcase classname="wh_parse.ParserTest" name="test_310" time="0.001"/>
	<testcase classname="wh_parse.ParserTest" name="test_311" time="0.002"/>
	<testcase classname="wh_parse.ParserTest" name="test_312" time="0.001"/>
	<testcase classname="wh_parse.ParserTest" name="test_313" time="0.002"/>
	<testcase classname="wh_parse.ParserTest" name="test_314" time="0.001"/>
	<testcase classname="wh_parse.ParserTest" name="test_315" time="0.002"/>
	<testcase classname="wh_parse.ParserTest" name="test_316" time="0.001"/>
	<testcase classname="wh_parse.ParserTest" name="test_317" time="0.002"/>
	<testcase classname="wh_parse.ParserTest" name="test_318" time="0.001"/>
	<testcase classname="wh_parse.ParserTest" name="test_319" time="0.001"/>
	<testcase classname="wh_parse.ParserTest" name="test_32" time="0.002"/>
	<testcase classname="wh_parse.ParserTest" name="test_320" time="0.001"/>
	<testcase classname="wh_parse.ParserTest" name="test_321" time="0.002"/>
	<testcase classname="wh_parse.ParserTest" name="test_322" time="0.001"/>
	<testcase classname="wh_parse.ParserTest" name="test_323" time="0.002"/>
	<testcase classname="wh_parse.ParserTest" name="test_324" time="0.001"/>
	<testcase classname="wh_parse.ParserTest" name="test_325" time="0.001"/>
	<testcase classname="wh_parse.ParserTest" name="test_326" time="0.001"/>
	<testcase classname="wh_parse.ParserTest" name="test_327" time="0.001"/>
	<testcase classname="wh_parse.ParserTest" name="test_328" time="0.001"/>
	<testcase classname="wh_parse.ParserTest" name="test_329" time="0.002"/>
	<testcase classname="wh_parse.ParserTest" name="test_33" time="0.001"/>
	<testcase classname="wh_parse.ParserTest" name="test_330" time="0.001"/>
	<testcase classname="wh_parse.ParserTest" name="test_331" time="0.001"/>
	<testcase classname="wh_parse.ParserTest" name="test_332" time="0.002"/>
	<testcase classname="wh_parse.ParserTest" name="test_333" time="0.001"/>
	<testcase classname="wh_parse.ParserTest" name="test_334" time="0.002"/>
	<testcase classname="wh_parse.ParserTest" name="test_335" time="0.001"/>
	<testcase classname="wh_parse.ParserTest" name="test_336" time="0.001"/>
	<testcase classname="wh_parse.ParserTest" name="test_337" time="0.002"/>
	<testcase classname="wh_parse.ParserTest" name="test_338" time="0.001"/>
	<testcase classname="wh_parse.ParserTest" name="test_339" time="0.002"/>
	<testcase classname="wh_parse.ParserTest" name="test_34" time="0.001"/>
	<testcase classname="wh_parse.ParserTest" name="test_340" time="0.002"/>
	<testcase classname="wh_parse.ParserTest" name="test_341" time="0.001"/>
	<testcase classname="wh_parse.ParserTest" name="test_342" time="0.002"/>
	<testcase classname="wh_parse.ParserTest" name="test_343" time="0.001"/>
	<testcase classname="wh_parse.ParserTest" name="test_344" time="0.002"/>
	<testcase classname="wh_parse.ParserTest" name="test_345" time="0.001"/>
	<testcase classname="wh_parse.ParserTest" name="test_346" time="0.001"/>
	<testcase classname="wh_parse.ParserTest" name="test_347" time="0.002"/>
	<testcase classname="wh_parse.ParserTest" name="test_348" time="0.001"/>
	<testcase classname="wh_parse.ParserTest" name="test_349" time="0.002"/>
	<testcase classname="wh_parse.ParserTest" name="test_35" time="0.001"/>
	<testcase classname="wh_parse.ParserTest" name="test_350" time="0.002"/>
	<testcase classname="wh_parse.ParserTest" name="test_351" time="0.001"/>
	<testcase classname="wh_parse.ParserTest" name="test_352" time="0.001"/>
	<testcase classname="wh_parse.ParserTest" name="test_353" time="0.002"/>
	<testcase classname="wh_parse.ParserTest" name="test_354" time="0.001"/>
	<testcase classname="wh_parse.ParserTest" name="test_355" time="0.002"/>
	<testcase classname="wh_parse.ParserTest" name="test_356" time="0.001"/>
	<testcase classname="wh_parse.ParserTest" name="test_357" time="0.002"/>
	<testcase classname="wh_parse.ParserTest" name="test_358" time="0.001"/>
	<testcase classname="wh_parse.ParserTest" name="test_359" time="0.001"/>
	<testcase classname="wh_parse.ParserTest" name="test_36" time="0.002"/>
	<testcase classname="wh_parse.ParserTest" name="test_360" time="0.002"/>
	<testcase classname="wh_parse.ParserTest" name="test_361" time="0.001"/>
	<testcase classname="wh_parse.ParserTest" name="test_362" time="0.002"/>
	<testcase classname="wh_parse.ParserTest" name="test_363" time="0.001"/>
	<testcase classname="wh_parse.ParserTest" name="test_364" time="0.002"/>
	<testcase classname="wh_parse.ParserTest" name="test_365" time="0.001"/>
	<testcase classname="wh_parse.ParserTest" name="test_366" time="0.001"/>
	<testcase classname="wh_parse.ParserTest" name="test_367" time="0.002"/>
	<testcase classname="wh_parse.ParserTest" name="test_368" time="0.001"/>
	<testcase classname="wh_parse.ParserTest" name="test_369" time="0.002"/>
	<testcase classname="wh_parse.ParserTest" name="test_37" time="0.001"/>
	<testcase classname="wh_parse.ParserTest" name="test_370" time="0.002"/>
	<testcase classname="wh_parse.ParserTest" name="test_371" time="0.001"/>
	<testcase classname="wh_parse.ParserTest" name="test_372" time="0.002"/>
	<testcase classname="wh_parse.ParserTest" name="test_373" time="0.001"/>
	<testcase classname="wh_parse.ParserTest" name="test_374" time="0.012"/>
	<testcase classname="wh_parse.ParserTest" name="test_375" time="0.002"/>
	<testcase classname="wh_parse.ParserTest" name="test_376" time="0.001"/>
	<testcase classname="wh_parse.ParserTest" name="test_377" time="0.001"/>
	<testcase classname="wh_parse.ParserTest" name="test_378" time="0.001"/>
	<testcase classname="wh_parse.ParserTest" name="test_379" time="0.001"/>
	<testcase classname="wh_parse.ParserTest" name="test_38" time="0.002"/>
	<testcase classname="wh_parse.ParserTest" name="test_380" time="0.001"/>
	<testcase classname="wh_parse.ParserTest" name="test_381" time="0.002"/>
	<testcase classname="wh_parse.ParserTest" name="test_382" time="0.001"/>
	<testcase classname="wh_parse.ParserTest" name="test_383" time="0.002"/>
	<testcase classname="wh_parse.ParserTest" name="test_384" time="0.001"/>
	<testcase classname="wh_parse.ParserTest" name="test_385" time="0.002"/>
	<testcase classname="wh_parse.ParserTest" name="test_386" time="0.001"/>
	<testcase classname="wh_parse.ParserTest" name="test_387" time="0.002"/>
	<testcase classname="wh_parse.ParserTest" name="test_388" time="0.001"/>
	<testcase classname="wh_parse.ParserTest" name="test_389" time="0.002"/>
	<testcase classname="wh_parse.ParserTest" name="test_39" time="0.001"/>
	<testcase classname="wh_parse.ParserTest" name="test_390" time="0.002"/>
	<testcase classname="wh_parse.ParserTest" name="test_391" time="0.001"/>
	<testcase classname="wh_parse.ParserTest" name="test_392" time="0.002"/>
	<testcase classname="wh_parse.ParserTest" name="test_393" time="0.001"/>
	<testcase classname="wh_parse.ParserTest" name="test_394" time="0.002"/>
	<testcase classname="wh_parse.ParserTest" name="test_395" time="0.001"/>
	<testcase classname="wh_parse.ParserTest" name="test_396" time="0.001"/>
	<testcase classname="wh_parse.ParserTest" name="test_397" time="0.002"/>
	<testcase classname="wh_parse.ParserTest" name="test_398" time="0.001"/>
	<testcase classname="wh_parse.ParserTest" name="test_399" time="0.002"/>
	<testcase classname="wh_parse.ParserTest" name="test_4" time="0.001"/>
	<testcase classname="wh_parse.ParserTest" name="test_40" time="0.002"/>
	<testcase classname="wh_parse.ParserTest" name="test_400" time="0.001"/>
	<testcase classname="wh_parse.ParserTest" name="test_401" time="0.002"/>
	<testcase classname="wh_parse.ParserTest" name="test_402" time="0.001"/>
	<testcase classname="wh_parse.ParserTest" name="test_403" time="0.002"/>
	<testcase classname="wh_parse.ParserTest" name="test_404" time="0.001"/>
	<testcase classname="wh_parse.ParserTest" name="test_405" time="0.001"/>
	<testcase classname="wh_parse.ParserTest" name="test_406" time="0.002"/>
	<testcase classname="wh_parse.ParserTest" name="test_407" time="0.001"/>
	<testcase classname="wh_parse.ParserTest" name="test_408" time="0.002"/>
	<testcase classname="wh_parse.ParserTest" name="test_409" time="0.001"/>
	<testcase classname="wh_parse.ParserTest" name="test_41" time="0.002"/>
	<testcase classname="wh_parse.ParserTest" name="test_410" time="0.001"/>
	<testcase classname="wh_parse.ParserTest" name="test_411" time="0.002"/>
	<testcase classname="wh_parse.ParserTest" name="test_412" time="0.001"/>
	<testcase classname="wh_parse.ParserTest" name="test_413" time="0.001"/>
	<testcase classname="wh_parse.ParserTest" name="test_414" time="0.002"/>
	<testcase classname="wh_parse.ParserTest" name="test_415" time="0.001"/>
	<testcase classname="wh_parse.ParserTest" name="test_416" time="0.002"/>
	<testcase classname="wh_parse.ParserTest" name="test_417" time="0.001"/>
	<testcase classname="wh_parse.ParserTest" name="test_418" time="0.001"/>
	<testcase classname="wh_parse.ParserTest" name="test_419" time="0.002"/>
	<testcase classname="wh_parse.ParserTest" name="test_42" time="0.002"/>
	<testcase classname="wh_parse.ParserTest" name="test_420" time="0.001"/>
	<testcase classname="wh_parse.ParserTest" name="test_421" time="0.001"/>
	<testcase classname="wh_parse.ParserTest" name="test_422" time="0.002"/>
	<testcase classname="wh_parse.ParserTest" name="test_423" time="0.001"/>
	<testcase classname="wh_parse.ParserTest" name="test_425" time="0.001"/>
	<testcase classname="wh_parse.ParserTest" name="test_426" time="0.001"/>
	<testcase classname="wh_parse.ParserTest" name="test_429" time="0.002"/>
	<testcase classname="wh_parse.ParserTest" name="test_43" time="0.001"/>
	<testcase classname="wh_parse.ParserTest" name="test_431" time="0.002"/>
	<testcase classname="wh_parse.ParserTest" name="test_434" time="0.001"/>
	<testcase classname="wh_parse.ParserTest" name="test_435" time="0.001"/>
	<testcase classname="wh_parse.ParserTest" name="test_44" time="0.002"/>
	<testcase classname="wh_parse.ParserTest" name="test_444" time="0.001"/>
	<testcase classname="wh_parse.ParserTest" name="test_446" time="0.008"/>
	<testcase classname="wh_parse.ParserTest" name="test_45" time="0.001"/>
	<testcase classname="wh_parse.ParserTest" name="test_451" time="0.001"/>
	<testcase classname="wh_parse.ParserTest" name="test_452" time="0.002"/>
	<testcase classname="wh_parse.ParserTest" name="test_453" time="0.001"/>
	<testcase classname="wh_parse.ParserTest" name="test_456" time="0.002"/>
	<testcase classname="wh_parse.ParserTest" name="test_459" time="0.001"/>
	<testcase classname="wh_parse.ParserTest" name="test_46" time="0.001"/>
	<testcase classname="wh_parse.ParserTest" name="test_460" time="0.002"/>
	<testcase classname="wh_parse.ParserTest" name="test_464" time="0.002"/>
	<testcase classname="wh_parse.ParserTest" name="test_466" time="0.001"/>
	<testcase classname="wh_parse.ParserTest" name="test_469" time="0.002"/>
	<testcase classname="wh_parse.ParserTest" name="test_47" time="0.001"/>
	<testcase classname="wh_parse.ParserTest" name="test_471" time="0.001"/>
	<testcase classname="wh_parse.ParserTest" name="test_472" time="0.001"/>
	<testcase classname="wh_parse.ParserTest" name="test_473" time="0.002"/>
	<testcase classname="wh_parse.ParserTest" name="test_474" time="0.001"/>
	<testcase classname="wh_parse.ParserTest" name="test_475" time="0.002"/>
	<testcase classname="wh_parse.ParserTest" name="test_476" time="0.001"/>
	<testcase classname="wh_parse.ParserTest" name="test_477" time="0.001"/>
	<testcase classname="wh_parse.ParserTest" name="test_478" time="0.002"/>
	<testcase classname="wh_parse.ParserTest" name="test_479" time="0.001"/>
	<testcase classname="wh_parse.ParserTest" name="test_48" time="0.001"/>
	<testcase classname="wh_parse.ParserTest" name="test_480" time="0.002"/>
	<testcase classname="wh_parse.ParserTest" name="test_481" time="0.001"/>
	<testcase classname="wh_parse.ParserTest" name="test_482" time="0.001"/>
	<testcase classname="wh_parse.ParserTest" name="test_483" time="0.002"/>
	<testcase classname="wh_parse.ParserTest" name="test_484" time="0.001"/>
	<testcase classname="wh_parse.ParserTest" name="test_485" time="0.001"/>
	<testcase classname="wh_parse.ParserTest" name="test_486" time="0.002"/>
	<testcase classname="wh_parse.ParserTest" name="test_487" time="0.001"/>
	<testcase classname="wh_parse.ParserTest" name="test_488" time="0.002"/>
	<testcase classname="wh_parse.ParserTest" name="test_489" time="0.001"/>
	<testcase classname="wh_parse.ParserTest" name="test_49" time="0.002"/>
	<testcase classname="wh_parse.ParserTest" name="test_490" time="0.001"/>
	<testcase classname="wh_parse.ParserTest" name="test_491" time="0.001"/>
	<testcase classname="wh_parse.ParserTest" name="test_492" time="0.001"/>
	<testcase classname="wh_parse.ParserTest" name="test_493" time="0.002"/>
	<testcase classname="wh_parse.ParserTest" name="test_494" time="0.001"/>
	<testcase classname="wh_parse.ParserTest" name="test_495" time="0.001"/>
	<testcase classname="wh_parse.ParserTest" name="test_496" time="0.002"/>
	<testcase classname="wh_parse.ParserTest" name="test_497" time="0.001"/>
	<testcase classname="wh_parse.ParserTest" name="test_498" time="0.002"/>
	<testcase classname="wh_parse.ParserTest" name="test_499" time="0.001"/>
	<testcase classname="wh_parse.ParserTest" name="test_5" time="0.001"/>
	<testcase classname="wh_parse.ParserTest" name="test_50" time="0.001"/>
	<testcase classname="wh_parse.ParserTest" name="test_500" time="0.002"/>
	<testcase classname="wh_parse.ParserTest" name="test_501" time="0.001"/>
	<testcase classname="wh_parse.ParserTest" name="test_502" time="0.001"/>
	<testcase classname="wh_parse.ParserTest" name="test_503" time="0.002"/>
	<testcase classname="wh_parse.ParserTest" name="test_504" time="0.001"/>
	<testcase classname="wh_parse.ParserTest" name="test_505" time="0.001"/>
	<testcase classname="wh_parse.ParserTest" name="test_506" time="0.002"/>
	<testcase classname="wh_parse.ParserTest" name="test_507" time="0.001"/>
	<testcase classname="wh_parse.ParserTest" name="test_508" time="0.001"/>
	<testcase classname="wh_parse.ParserTest" name="test_509" time="0.002"/>
	<testcase classname="wh_parse.ParserTest" name="test_51" time="0.001"/>
	<testcase classname="wh_parse.ParserTest" name="test_510" time="0.001"/>
	<testcase classname="wh_parse.ParserTest" name="test_511" time="0.002"/>
	<testcase classname="wh_parse.ParserTest" name="test_512" time="0.001"/>
	<testcase classname="wh_parse.ParserTest" name="test_513" time="0.001"/>
	<testcase classname="wh_parse.ParserTest" name="test_514" time="0.044"/>
	<testcase classname="wh_parse.ParserTest" name="test_515" time="0.002"/>
	<testcase classname="wh_parse.ParserTest" name="test_516" time="0.002"/>
	<testcase classname="wh_parse.ParserTest" name="test_517" time="0.001"/>
	<testcase classname="wh_parse.ParserTest" name="test_518" time="0.001"/>
	<testcase classname="wh_parse.ParserTest" name="test_519" time="0.002"/>
	<testcase classname="wh_parse.ParserTest" name="test_52" time="0.001"/>
	<testcase classname="wh_parse.ParserTest" name="test_520" time="0.002"/>
	<testcase classname="wh_parse.ParserTest" name="test_521" time="0.002"/>
	<testcase classname="wh_parse.ParserTest" name="test_522" time="0.001"/>
	<testcase classname="wh_parse.ParserTest" name="test_523" time="0.001"/>
	<testcase classname="wh_parse.ParserTest" name="test_524" time="0.002"/>
	<testcase classname="wh_parse.ParserTest" name="test_525" time="0.001"/>
	<testcase classname="wh_parse.ParserTest" name="test_526" time="0.002"/>
	<testcase classname="wh_parse.ParserTest" name="test_527" time="0.001"/>
	<testcase classname="wh_parse.ParserTest" name="test_528" time="0.002"/>
	<testcase classname="wh_parse.ParserTest" name="test_529" time="0.001"/>
	<testcase classname="wh_parse.ParserTest" name="test_53" time="0.002"/>
	<testcase classname="wh_parse.ParserTest" name="test_530" time="0.001"/>
	<testcase classname="wh_parse.ParserTest" name="test_531" time="0.001"/>
	<testcase classname="wh_parse.ParserTest" name="test_532" time="0.002"/>
	<testcase classname="wh_parse.ParserTest" name="test_533" time="0.001"/>
	<testcase classname="wh_parse.ParserTest" name="test_534" time="0.002"/>
	<testcase classname="wh_parse.ParserTest" name="test_535" time="0.002"/>
	<testcase classname="wh_parse.ParserTest" name="test_536" time="0.001"/>
	<testcase classname="wh_parse.ParserTest" name="test_537" time="0.001"/>
	<testcase classname="wh_parse.ParserTest" name="test_538" time="0.002"/>
	<testcase classname="wh_parse.ParserTest" name="test_539" time="0.001"/>
	<testcase classname="wh_parse.ParserTest" name="test_54" time="0.002"/>
	<testcase classname="wh_parse.ParserTest" name="test_540" time="0.001"/>
	<testcase classname="wh_parse.ParserTest" name="test_541" time="0.002"/>
	<testcase classname="wh_parse.ParserTest" name="test_542" time="0.001"/>
	<testcase classname="wh_parse.ParserTest" name="test_543" time="0.002"/>
	<testcase classname="wh_parse.ParserTest" name="test_544" time="0.001"/>
	<testcase classname="wh_parse.ParserTest" name="test_545" time="0.002"/>
	<testcase classname="wh_parse.ParserTest" name="test_546" time="0.001"/>
	<testcase classname="wh_parse.ParserTest" name="test_547" time="0.001"/>
	<testcase classname="wh_parse.ParserTest" name="test_548" time="0.002"/>
	<testcase classname="wh_parse.ParserTest" name="test_549" time="0.002"/>
	<testcase classname="wh_parse.ParserTest" name="test_55" time="0.001"/>
	<testcase classname="wh_parse.ParserTest" name="test_550" time="0.001"/>
	<testcase classname="wh_parse.ParserTest" name="test_551" time="0.002"/>
	<testcase classname="wh_parse.ParserTest" name="test_552" time="0.001"/>
	<testcase classname="wh_parse.ParserTest" name="test_553" time="0.002"/>
	<testcase classname="wh_parse.ParserTest" name="test_554" time="0.001"/>
	<testcase classname="wh_parse.ParserTest" name="test_555" time="0.001"/>
	<testcase classname="wh_parse.ParserTest" name="test_556" time="0.002"/>
	<testcase classname="wh_parse.ParserTest" name="test_557" time="0.001"/>
	<testcase classname="wh_parse.ParserTest" name="test_558" time="0.001"/>
	<testcase classname="wh_parse.ParserTest" name="test_559" time="0.002"/>
	<testcase classname="wh_parse.ParserTest" name="test_56" time="0.001"/>
	<testcase classname="wh_parse.ParserTest" name="test_560" time="0.002"/>
	<testcase classname="wh_parse.ParserTest" name="test_561" time="0.001"/>
	<testcase classname="wh_parse.ParserTest" name="test_562" time="0.002"/>
	<testcase classname="wh_parse.ParserTest" name="test_563" time="0.001"/>
	<testcase classname="wh_parse.ParserTest" name="test_564" time="0.002"/>
	<testcase classname="wh_parse.ParserTest" name="test_565" time="0.001"/>
	<testcase classname="wh_parse.ParserTest" name="test_566" time="0.001"/>
	<testcase classname="wh_parse.ParserTest" name="test_567" time="0.002"/>
	<testcase classname="wh_parse.ParserTest" name="test_568" time="0.001"/>
	<testcase classname="wh_parse.ParserTest" name="test_569" time="0.001"/>
	<testcase classname="wh_parse.ParserTest" name="test_57" time="0.002"/>
	<testcase classname="wh_parse.ParserTest" name="test_570" time="0.001"/>
	<testcase classname="wh_parse.ParserTest" name="test_571" time="0.002"/>
	<testcase classname="wh_parse.ParserTest" name="test_572" time="0.001"/>
	<testcase classname="wh_parse.ParserTest" name="test_573" time="0.001"/>
	<testcase classname="wh_parse.ParserTest" name="test_574" time="0.002"/>
	<testcase classname="wh_parse.ParserTest" name="test_575" time="0.001"/>
	<testcase classname="wh_parse.ParserTest" name="test_576" time="0.002"/>
	<testcase classname="wh_parse.ParserTest" name="test_577" time="0.001"/>
	<testcase classname="wh_parse.ParserTest" name="test_578" time="0.002"/>
	<testcase classname="wh_parse.ParserTest" name="test_579" time="0.001"/>
	<testcase classname="wh_parse.ParserTest" name="test_58" time="0.001"/>
	<testcase classname="wh_parse.ParserTest" name="test_580" time="0.002"/>
	<testcase classname="wh_parse.ParserTest" name="test_581" time="0.001"/>
	<testcase classname="wh_parse.ParserTest" name="test_582" time="0.002"/>
	<testcase classname="wh_parse.ParserTest" name="test_583" time="0.001"/>
	<testcase classname="wh_parse.ParserTest" name="test_584" time="0.002"/>
	<testcase classname="wh_parse.ParserTest" name="test_585" time="0.001"/>
	<testcase classname="wh_parse.ParserTest" name="test_586" time="0.002"/>
	<testcase classname="wh_parse.ParserTest" name="test_587" time="0.001"/>
	<testcase classname="wh_parse.ParserTest" name="test_588" time="0.001"/>
	<testcase classname="wh_parse.ParserTest" name="test_589" time="0.002"/>
	<testcase classname="wh_parse.ParserTest" name="test_59" time="0.001"/>
	<testcase classname="wh_parse.ParserTest" name="test_590" time="0.002"/>
	<testcase classname="wh_parse.ParserTest" name="test_591" time="0.001"/>
	<testcase classname="wh_parse.ParserTest" name="test_592" time="0.002"/>
	<testcase classname="wh_parse.ParserTest" name="test_593" time="0.001"/>
	<testcase classname="wh_parse.ParserTest" name="test_594" time="0.001"/>
	<testcase classname="wh_parse.ParserTest" name="test_595" time="0.002"/>
	<testcase classname="wh_parse.ParserTest" name="test_596" time="0.001"/>
	<testcase classname="wh_parse.ParserTest" name="test_597" time="0.002"/>
	<testcase classname="wh_parse.ParserTest" name="test_598" time="0.001"/>
	<testcase classname="wh_parse.ParserTest" name="test_599" time="0.002"/>
	<testcase classname="wh_parse.ParserTest" name="test_6" time="0.001"/>
	<testcase classname="wh_parse.ParserTest" name="test_60" time="0.001"/>
	<testcase classname="wh_parse.ParserTest" name="test_600" time="0.002"/>
	<testcase classname="wh_parse.ParserTest" name="test_601" time="0.001"/>
	<testcase classname="wh_parse.ParserTest" name="test_602" time="0.001"/>
	<testcase classname="wh_parse.ParserTest" name="test_603" time="0.002"/>
	<testcase classname="wh_parse.ParserTest" name="test_604" time="0.001"/>
	<testcase classname="wh_parse.ParserTest" name="test_605" time="0.002"/>
	<testcase classname="wh_parse.ParserTest" name="test_606" time="0.001"/>
	<testcase classname="wh_parse.ParserTest" name="test_607" time="0.001"/>
	<testcase classname="wh_parse.ParserTest" name="test_608" time="0.002"/>
	<testcase classname="wh_parse.ParserTest" name="test_609" time="0.001"/>
	<testcase classname="wh_parse.ParserTest" name="test_61" time="0.001"/>
	<testcase classname="wh_parse.ParserTest" name="test_610" time="0.002"/>
	<testcase classname="wh_parse.ParserTest" name="test_611" time="0.001"/>
	<testcase classname="wh_parse.ParserTest" name="test_612" time="0.001"/>
	<testcase classname="wh_parse.ParserTest" name="test_613" time="0.002"/>
	<testcase classname="wh_parse.ParserTest" name="test_614" time="0.001"/>
	<testcase classname="wh_parse.ParserTest" name="test_615" time="0.001"/>
	<testcase classname="wh_parse.ParserTest" name="test_616" time="0.001"/>
	<testcase classname="wh_parse.ParserTest" name="test_617" time="0.002"/>
	<testcase classname="wh_parse.ParserTest" name="test_618" time="0.001"/>
	<testcase classname="wh_parse.ParserTest" name="test_619" time="0.001"/>
	<testcase classname="wh_parse.ParserTest" name="test_62" time="0.012"/>
	<testcase classname="wh_parse.ParserTest" name="test_620" time="0.002"/>
	<testcase classname="wh_parse.ParserTest" name="test_621" time="0.001"/>
	<testcase classname="wh_parse.ParserTest" name="test_622" time="0.002"/>
	<testcase classname="wh_parse.ParserTest" name="test_623" time="0.001"/>
	<testcase classname="wh_parse.ParserTest" name="test_624" time="0.001"/>
	<testcase classname="wh_parse.ParserTest" name="test_625" time="0.002"/>
	<testcase classname="wh_parse.ParserTest" name="test_626" time="0.001"/>
	<testcase classname="wh_parse.ParserTest" name="test_627" time="0.002"/>
	<testcase classname="wh_parse.ParserTest" name="test_628" time="0.001"/>
	<testcase classname="wh_parse.ParserTest" name="test_629" time="0.001"/>
	<testcase classname="wh_parse.ParserTest" name="test_63" time="0.002"/>
	<testcase classname="wh_parse.ParserTest" name="test_630" time="0.001"/>
	<testcase classname="wh_parse.ParserTest" name="test_631" time="0.001"/>
	<testcase classname="wh_parse.ParserTest" name="test_632" time="0.002"/>
	<testcase classname="wh_parse.ParserTest" name="test_633" time="0.001"/>
	<testcase classname="wh_parse.ParserTest" name="test_634" time="0.001"/>
	<testcase classname="wh_parse.ParserTest" name="test_635" time="0.002"/>
	<testcase classname="wh_parse.ParserTest" name="test_636" time="0.001"/>
	<testcase classname="wh_parse.ParserTest" name="test_637" time="0.001"/>
	<testcase classname="wh_parse.ParserTest" name="test_638" time="0.002"/>
	<testcase classname="wh_parse.ParserTest" name="test_639" time="0.001"/>
	<testcase classname="wh_parse.ParserTest" name="test_64" time="0.001"/>
	<testcase classname="wh_parse.ParserTest" name="test_640" time="0.002"/>
	<testcase classname="wh_parse.ParserTest" name="test_641" time="0.001"/>
	<testcase classname="wh_parse.ParserTest" name="test_642" time="0.002"/>
	<testcase classname="wh_parse.ParserTest" name="test_643" time="0.001"/>
	<testcase classname="wh_parse.ParserTest" name="test_644" time="0.001"/>
	<testcase classname="wh_parse.ParserTest" name="test_645" time="0.002"/>
	<testcase classname="wh_parse.ParserTest" name="test_646" time="0.001"/>
	<testcase classname="wh_parse.ParserTest" name="test_647" time="0.001"/>
	<testcase classname="wh_parse.ParserTest" name="test_648" time="0.002"/>
	<testcase classname="wh_parse.ParserTest" name="test_649" time="0.001"/>
	<testcase classname="wh_parse.ParserTest" name="test_65" time="0.002"/>
	<testcase classname="wh_parse.ParserTest" name="test_650" time="0.001"/>
	<testcase classname="wh_parse.ParserTest" name="test_651" time="0.001"/>
	<testcase classname="wh_parse.ParserTest" name="test_652" time="0.002"/>
	<testcase classname="wh_parse.ParserTest" name="test_653" time="0.001"/>
	<testcase classname="wh_parse.ParserTest" name="test_654" time="0.001"/>
	<testcase classname="wh_parse.ParserTest" name="test_655" time="0.001"/>
	<testcase classname="wh_parse.ParserTest" name="test_656" time="0.002"/>
	<testcase classname="wh_parse.ParserTest" name="test_657" time="0.001"/>
	<testcase classname="wh_parse.ParserTest" name="test_658" time="0.001"/>
	<testcase classname="wh_parse.ParserTest" name="test_659" time="0.001"/>
	<testcase classname="wh_parse.ParserTest" name="test_66" time="0.002"/>
	<testcase classname="wh_parse.ParserTest" name="test_660" time="0.001"/>
	<testcase classname="wh_parse.ParserTest" name="test_661" time="0.001"/>
	<testcase classname="wh_parse.ParserTest" name="test_662" time="0.002"/>
	<testcase classname="wh_parse.ParserTest" name="test_663" time="0.001"/>
	<testcase classname="wh_parse.ParserTest" name="test_664" time="0.001"/>
	<testcase classname="wh_parse.ParserTest" name="test_665" time="0.002"/>
	<testcase classname="wh_parse.ParserTest" name="test_666" time="0.001"/>
	<testcase classname="wh_parse.ParserTest" name="test_667" time="0.001"/>
	<testcase classname="wh_parse.ParserTest" name="test_668" time="0.001"/>
	<testcase classname="wh_parse.ParserTest" name="test_669" time="0.002"/>
	<testcase classname="wh_parse.ParserTest" name="test_67" time="0.001"/>
	<testcase classname="wh_parse.ParserTest" name="test_670" time="0.001"/>
	<testcase classname="wh_parse.ParserTest" name="test_671" time="0.001"/>
	<testcase classname="wh_parse.ParserTest" name="test_672" time="0.002"/>
	<testcase classname="wh_parse.ParserTest" name="test_673" time="0.001"/>
	<testcase classname="wh_parse.ParserTest" name="test_674" time="0.002"/>
	<testcase classname="wh_parse.ParserTest" name="test_675" time="0.001"/>
	<testcase classname="wh_parse.ParserTest" name="test_676" time="0.001"/>
	<testcase classname="wh_parse.ParserTest" name="test_677" time="0.002"/>
	<testcase classname="wh_parse.ParserTest" name="test_678" time="0.001"/>
	<testcase classname="wh_parse.ParserTest" name="test_679" time="0.001"/>
	<testcase classname="wh_parse.ParserTest" name="test_68" time="0.001"/>
	<testcase classname="wh_parse.ParserTest" name="test_680" time="0.002"/>
	<testcase classname="wh_parse.ParserTest" name="test_681" time="0.001"/>
	<testcase classname="wh_parse.ParserTest" name="test_682" time="0.001"/>
	<testcase classname="wh_parse.ParserTest" name="test_683" time="0.001"/>
	<testcase classname="wh_parse.ParserTest" name="test_684" time="0.001"/>
	<testcase classname="wh_parse.ParserTest" name="test_685" time="0.001"/>
	<testcase classname="wh_parse.ParserTest" name="test_686" time="0.002"/>
	<testcase classname="wh_parse.ParserTest" name="test_687" time="0.001"/>
	<testcase classname="wh_parse.ParserTest" name="test_688" time="0.001"/>
	<testcase classname="wh_parse.ParserTest" name="test_689" time="0.001"/>
	<testcase classname="wh_parse.ParserTest" name="test_69" time="0.002"/>
	<testcase classname="wh_parse.ParserTest" name="test_690" time="0.001"/>
	<testcase classname="wh_parse.ParserTest" name="test_691" time="0.001"/>
	<testcase classname="wh_parse.ParserTest" name="test_692" time="0.002"/>
	<testcase classname="wh_parse.ParserTest" name="test_693" time="0.001"/>
	<testcase classname="wh_parse.ParserTest" name="test_694" time="0.001"/>
	<testcase classname="wh_parse.ParserTest" name="test_695" time="0.001"/>
	<testcase classname="wh_parse.ParserTest" name="test_696" time="0.001"/>
	<testcase classname="wh_parse.ParserTest" name="test_697" time="0.001"/>
	<testcase classname="wh_parse.ParserTest" name="test_698" time="0.001"/>
	<testcase classname="wh_parse.ParserTest" name="test_699" time="0.002"/>
	<testcase classname="wh_parse.ParserTest" name="test_7" time="0.001"/>
	<testcase classname="wh_parse.ParserTest" name="test_70" time="0.001"/>
	<testcase classname="wh_parse.ParserTest" name="test_700" time="0.002"/>
	<testcase classname="wh_parse.ParserTest" name="test_701" time="0.001"/>
	<testcase classname="wh_parse.ParserTest" name="test_702" time="0.001"/>
	<testcase classname="wh_parse.ParserTest" name="test_703" time="0.001"/>
	<testcase classname="wh_parse.ParserTest" name="test_704" time="0.001"/>
	<testcase classname="wh_parse.ParserTest" name="test_705" time="0.001"/>
	<testcase classname="wh_parse.ParserTest" name="test_706" time="0.001"/>
	<testcase classname="wh_parse.ParserTest" name="test_707" time="0.002"/>
	<testcase classname="wh_parse.ParserTest" name="test_708" time="0.001"/>
	<testcase classname="wh_parse.ParserTest" name="test_709" time="0.002"/>
	<testcase classname="wh_parse.ParserTest" name="test_71" time="0.001"/>
	<testcase classname="wh_parse.ParserTest" name="test_710" time="0.001"/>
	<testcase classname="wh_parse.ParserTest" name="test_711" time="0.001"/>
	<testcase classname="wh_parse.ParserTest" name="test_712" time="0.002"/>
	<testcase classname="wh_parse.ParserTest" name="test_713" time="0.001"/>
	<testcase classname="wh_parse.ParserTest" name="test_714" time="0.001"/>
	<testcase classname="wh_parse.ParserTest" name="test_715" time="0.002"/>
	<testcase classname="wh_parse.ParserTest" name="test_716" time="0.001"/>
	<testcase classname="wh_parse.ParserTest" name="test_717" time="0.001"/>
	<testcase classname="wh_parse.ParserTest" name="test_718" time="0.001"/>
	<testcase classname="wh_parse.ParserTest" name="test_719" time="0.002"/>
	<testcase classname="wh_parse.ParserTest" name="test_72" time="0.001"/>
	<testcase classname="wh_parse.ParserTest" name="test_720" time="0.001"/>
	<testcase classname="wh_parse.ParserTest" name="test_721" time="0.002"/>
	<testcase classname="wh_parse.ParserTest" name="test_722" time="0.001"/>
	<testcase classname="wh_parse.ParserTest" name="test_723" time="0.001"/>
	<testcase classname="wh_parse.ParserTest" name="test_724" time="0.012"/>
	<testcase classname="wh_parse.ParserTest" name="test_725" time="0.001"/>
	<testcase classname="wh_parse.ParserTest" name="test_726" time="0.001"/>
	<testcase classname="wh_parse.ParserTest" name="test_727" time="0.001"/>
	<testcase classname="wh_parse.ParserTest" name="test_728" time="0.001"/>
	<testcase classname="wh_parse.ParserTest" name="test_729" time="0.001"/>
	<testcase classname="wh_parse.ParserTest" name="test_73" time="0.002"/>
	<testcase classname="wh_parse.ParserTest" name="test_730" time="0.001"/>
	<testcase classname="wh_parse.ParserTest" name="test_731" time="0.001"/>
	<testcase classname="wh_parse.ParserTest" name="test_732" time="0.002"/>
	<testcase classname="wh_parse.ParserTest" name="test_733" time="0.001"/>
	<testcase classname="wh_parse.ParserTest" name="test_734" time="0.001"/>
	<testcase classname="wh_parse.ParserTest" name="test_735" time="0.001"/>
	<testcase classname="wh_parse.ParserTest" name="test_736" time="0.001"/>
	<testcase classname="wh_parse.ParserTest" name="test_737" time="0.001"/>
	<testcase classname="wh_parse.ParserTest" name="test_738" time="0.001"/>
	<testcase classname="wh_parse.ParserTest" name="test_739" time="0.002"/>
	<testcase classname="wh_parse.ParserTest" name="test_74" time="0.001"/>
	<testcase classname="wh_parse.ParserTest" name="test_740" time="0.002"/>
	<testcase classname="wh_parse.ParserTest" name="test_741" time="0.001"/>
	<testcase classname="wh_parse.ParserTest" name="test_742" time="0.001"/>
	<testcase classname="wh_parse.ParserTest" name="test_743" time="0.001"/>
	<testcase classname="wh_parse.ParserTest" name="test_744" time="0.002"/>
	<testcase classname="wh_parse.ParserTest" name="test_745" time="0.001"/>
	<testcase classname="wh_parse.ParserTest" name="test_746" time="0.001"/>
	<testcase classname="wh_parse.ParserTest" name="test_747" time="0.001"/>
	<testcase classname="wh_parse.ParserTest" name="test_748" time="0.002"/>
	<testcase classname="wh_parse.ParserTest" name="test_749" time="0.001"/>
	<testcase classname="wh_parse.ParserTest" name="test_75" time="0.001"/>
	<testcase classname="wh_parse.ParserTest" name="test_750" time="0.002"/>
	<testcase classname="wh_parse.ParserTest" name="test_751" time="0.001"/>
	<testcase classname="wh_parse.ParserTest" name="test_752" time="0.001"/>
	<testcase classname="wh_parse.ParserTest" name="test_753" time="0.001"/>
	<testcase classname="wh_parse.ParserTest" name="test_754" time="0.002"/>
	<testcase classname="wh_parse.ParserTest" name="test_755" time="0.001"/>
	<testcase classname="wh_parse.ParserTest" name="test_756" time="0.001"/>
	<testcase classname="wh_parse.ParserTest" name="test_757" time="0.002"/>
	<testcase classname="wh_parse.ParserTest" name="test_758" time="0.001"/>
	<testcase classname="wh_parse.ParserTest" name="test_759" time="0.001"/>
	<testcase classname="wh_parse.ParserTest" name="test_76" time="0.001"/>
	<testcase classname="wh_parse.ParserTest" name="test_760" time="0.002"/>
	<testcase classname="wh_parse.ParserTest" name="test_761" time="0.001"/>
	<testcase classname="wh_parse.ParserTest" name="test_762" time="0.001"/>
	<testcase classname="wh_parse.ParserTest" name="test_763" time="0.002"/>
	<testcase classname="wh_parse.ParserTest" name="test_764" time="0.001"/>
	<testcase classname="wh_parse.ParserTest" name="test_765" time="0.001"/>
	<testcase classname="wh_parse.ParserTest" name="test_766" time="0.001"/>
	<testcase classname="wh_parse.ParserTest" name="test_767" time="0.002"/>
	<testcase classname="wh_parse.ParserTest" name="test_768" time="0.001"/>
	<testcase classname="wh_parse.ParserTest" name="test_769" time="0.001"/>
	<testcase classname="wh_parse.ParserTest" name="test_77" time="0.002"/>
	<testcase classname="wh_parse.ParserTest" name="test_770" time="0.001"/>
	<testcase classname="wh_parse.ParserTest" name="test_771" time="0.001"/>
	<testcase classname="wh_parse.ParserTest" name="test_772" time="0.002"/>
	<testcase classname="wh_parse.ParserTest" name="test_773" time="0.001"/>
	<testcase classname="wh_parse.ParserTest" name="test_774" time="0.001"/>
	<testcase classname="wh_parse.ParserTest" name="test_775" time="0.001"/>
	<testcase classname="wh_parse.ParserTest" name="test_776" time="0.002"/>
	<testcase classname="wh_parse.ParserTest" name="test_777" time="0.001"/>
	<testcase classname="wh_parse.ParserTest" name="test_778" time="0.002"/>
	<testcase classname="wh_parse.ParserTest" name="test_779" time="0.001"/>
	<testcase classname="wh_parse.ParserTest" name="test_78" time="0.001"/>
	<testcase classname="wh_parse.ParserTest" name="test_780" time="0.001"/>
	<testcase classname="wh_parse.ParserTest" name="test_781" time="0.002"/>
	<testcase classname="wh_parse.ParserTest" name="test_782" time="0.001"/>
	<testcase classname="wh_parse.ParserTest" name="test_783" time="0.001"/>
	<testcase classname="wh_parse.ParserTest" name="test_784" time="0.002"/>
	<testcase classname="wh_parse.ParserTest" name="test_785" time="0.001"/>
	<testcase classname="wh_parse.ParserTest" name="test_786" time="0.001"/>
	<testcase classname="wh_parse.ParserTest" name="test_787" time="0.002"/>
	<testcase classname="wh_parse.ParserTest" name="test_788" time="0.001"/>
	<testcase classname="wh_parse.ParserTest" name="test_789" time="0.001"/>
	<testcase classname="wh_parse.ParserTest" name="test_79" time="0.001"/>
	<testcase classname="wh_parse.ParserTest" name="test_790" time="0.002"/>
	<testcase classname="wh_parse.ParserTest" name="test_791" time="0.001"/>
	<testcase classname="wh_parse.ParserTest" name="test_792" time="0.001"/>
	<testcase classname="wh_parse.ParserTest" name="test_793" time="0.002"/>
	<testcase classname="wh_parse.ParserTest" name="test_794" time="0.001"/>
	<testcase classname="wh_parse.ParserTest" name="test_795" time="0.001"/>
	<testcase classname="wh_parse.ParserTest" name="test_796" time="0.001"/>
	<testcase classname="wh_parse.ParserTest" name="test_797" time="0.002"/>
	<testcase classname="wh_parse.ParserTest" name="test_798" time="0.001"/>
	<testcase classname="wh_parse.ParserTest" name="test_799" time="0.001"/>
	<testcase classname="wh_parse.ParserTest" name="test_8" time="0.001"/>
	<testcase classname="wh_parse.ParserTest" name="test_80" time="0.002"/>
	<testcase classname="wh_parse.ParserTest" name="test_800" time="0.001"/>
	<testcase classname="wh_parse.ParserTest" name="test_801" time="0.001"/>
	<testcase classname="wh_parse.ParserTest" name="test_802" time="0.001"/>
	<testcase classname="wh_parse.ParserTest" name="test_803" time="0.002"/>
	<testcase classname="wh_parse.ParserTest" name="test_804" time="0.001"/>
	<testcase classname="wh_parse.ParserTest" name="test_805" time="0.001"/>
	<testcase classname="wh_parse.ParserTest" name="test_806" time="0.002"/>
	<testcase classname="wh_parse.ParserTest" name="test_807" time="0.001"/>
	<testcase classname="wh_parse.ParserTest" name="test_808" time="0.001"/>
	<testcase classname="wh_parse.ParserTest" name="test_809" time="0.002"/>
	<testcase classname="wh_parse.ParserTest" name="test_81" time="0.001"/>
	<testcase classname="wh_parse.ParserTest" name="test_810" time="0.001"/>
	<testcase classname="wh_parse.ParserTest" name="test_811" time="0.001"/>
	<testcase classname="wh_parse.ParserTest" name="test_812" time="0.002"/>
	<testcase classname="wh_parse.ParserTest" name="test_813" time="0.001"/>
	<testcase classname="wh_parse.ParserTest" name="test_814" time="0.001"/>
	<testcase classname="wh_parse.ParserTest" name="test_815" time="0.001"/>
	<testcase classname="wh_parse.ParserTest" name="test_816" time="0.002"/>
	<testcase classname="wh_parse.ParserTest" name="test_817" time="0.001"/>
	<testcase classname="wh_parse.ParserTest" name="test_818" time="0.002"/>
	<testcase classname="wh_parse.ParserTest" name="test_819" time="0.001"/>
	<testcase classname="wh_parse.ParserTest" name="test_82" time="0.001"/>
	<testcase classname="wh_parse.ParserTest" name="test_820" time="0.001"/>
	<testcase classname="wh_parse.ParserTest" name="test_821" time="0.002"/>
	<testcase classname="wh_parse.ParserTest" name="test_822" time="0.001"/>
	<testcase classname="wh_parse.ParserTest" name="test_823" time="0.001"/>
	<testcase classname="wh_parse.ParserTest" name="test_824" time="0.001"/>
	<testcase classname="wh_parse.ParserTest" name="test_825" time="0.002"/>
	<testcase classname="wh_parse.ParserTest" name="test_826" time="0.001"/>
	<testcase classname="wh_parse.ParserTest" name="test_827" time="0.001"/>
	<testcase classname="wh_parse.ParserTest" name="test_828" time="0.002"/>
	<testcase classname="wh_parse.ParserTest" name="test_829" time="0.010"/>
	<testcase classname="wh_parse.ParserTest" name="test_83" time="0.001"/>
	<testcase classname="wh_parse.ParserTest" name="test_830" time="0.001"/>
	<testcase classname="wh_parse.ParserTest" name="test_831" time="0.001"/>
	<testcase classname="wh_parse.ParserTest" name="test_832" time="0.001"/>
	<testcase classname="wh_parse.ParserTest" name="test_833" time="0.001"/>
	<testcase classname="wh_parse.ParserTest" name="test_834" time="0.001"/>
	<testcase classname="wh_parse.ParserTest" name="test_835" time="0.001"/>
	<testcase classname="wh_parse.ParserTest" name="test_836" time="0.002"/>
	<testcase classname="wh_parse.ParserTest" name="test_837" time="0.001"/>
	<testcase classname="wh_parse.ParserTest" name="test_838" time="0.001"/>
	<testcase classname="wh_parse.ParserTest" name="test_839" time="0.002"/>
	<testcase classname="wh_parse.ParserTest" name="test_84" time="0.001"/>
	<testcase classname="wh_parse.ParserTest" name="test_840" time="0.001"/>
	<testcase classname="wh_parse.ParserTest" name="test_841" time="0.001"/>
	<testcase classname="wh_parse.ParserTest" name="test_842" time="0.002"/>
	<testcase classname="wh_parse.ParserTest" name="test_843" time="0.001"/>
	<testcase classname="wh_parse.ParserTest" name="test_844" time="0.001"/>
	<testcase classname="wh_parse.ParserTest" name="test_845" time="0.002"/>
	<testcase classname="wh_parse.ParserTest" name="test_846" time="0.001"/>
	<testcase classname="wh_parse.ParserTest" name="test_847" time="0.001"/>
	<testcase classname="wh_parse.ParserTest" name="test_848" time="0.002"/>
	<testcase classname="wh_parse.ParserTest" name="test_849" time="0.001"/>
	<testcase classname="wh_parse.ParserTest" name="test_85" time="0.001"/>
	<testcase classname="wh_parse.ParserTest" name="test_850" time="0.001"/>
	<testcase classname="wh_parse.ParserTest" name="test_851" time="0.002"/>
	<testcase classname="wh_parse.ParserTest" name="test_852" time="0.001"/>
	<testcase classname="wh_parse.ParserTest" name="test_853" time="0.001"/>
	<testcase classname="wh_parse.ParserTest" name="test_854" time="0.002"/>
	<testcase classname="wh_parse.ParserTest" name="test_855" time="0.001"/>
	<testcase classname="wh_parse.ParserTest" name="test_856" time="0.001"/>
	<testcase classname="wh_parse.ParserTest" name="test_857" time="0.002"/>
	<testcase classname="wh_parse.ParserTest" name="test_858" time="0.001"/>
	<testcase classname="wh_parse.ParserTest" name="test_859" time="0.001"/>
	<testcase classname="wh_parse.ParserTest" name="test_86" time="0.002"/>
	<testcase classname="wh_parse.ParserTest" name="test_860" time="0.001"/>
	<testcase classname="wh_parse.ParserTest" name="test_861" time="0.001"/>
	<testcase classname="wh_parse.ParserTest" name="test_862" time="0.001"/>
	<testcase classname="wh_parse.ParserTest" name="test_863" time="0.002"/>
	<testcase classname="wh_parse.ParserTest" name="test_864" time="0.001"/>
	<testcase classname="wh_parse.ParserTest" name="test_865" time="0.001"/>
	<testcase classname="wh_parse.ParserTest" name="test_866" time="0.002"/>
	<testcase classname="wh_parse.ParserTest" name="test_867" time="0.001"/>
	<testcase classname="wh_parse.ParserTest" name="test_868" time="0.002"/>
	<testcase classname="wh_parse.ParserTest" name="test_869" time="0.001"/>
	<testcase classname="wh_parse.ParserTest" name="test_87" time="0.001"/>
	<testcase classname="wh_parse.ParserTest" name="test_870" time="0.002"/>
	<testcase classname="wh_parse.ParserTest" name="test_871" time="0.001"/>
	<testcase classname="wh_parse.ParserTest" name="test_872" time="0.001"/>
	<testcase classname="wh_parse.ParserTest" name="test_873" time="0.001"/>
	<testcase classname="wh_parse.ParserTest" name="test_874" time="0.002"/>
	<testcase classname="wh_parse.ParserTest" name="test_875" time="0.001"/>
	<testcase classname="wh_parse.ParserTest" name="test_876" time="0.001"/>
	<testcase classname="wh_parse.ParserTest" name="test_877" time="0.001"/>
	<testcase classname="wh_parse.ParserTest" name="test_878" time="0.002"/>
	<testcase classname="wh_parse.ParserTest" name="test_879" time="0.001"/>
	<testcase classname="wh_parse.ParserTest" name="test_88" time="0.001"/>
	<testcase classname="wh_parse.ParserTest" name="test_880" time="0.002"/>
	<testcase classname="wh_parse.ParserTest" name="test_881" time="0.001"/>
	<testcase classname="wh_parse.ParserTest" name="test_882" time="0.001"/>
	<testcase classname="wh_parse.ParserTest" name="test_883" time="0.002"/>
	<testcase classname="wh_parse.ParserTest" name="test_884" time="0.001"/>
	<testcase classname="wh_parse.ParserTest" name="test_885" time="0.001"/>
	<testcase classname="wh_parse.ParserTest" name="test_886" time="0.002"/>
	<testcase classname="wh_parse.ParserTest" name="test_887" time="0.001"/>
	<testcase classname="wh_parse.ParserTest" name="test_888" time="0.001"/>
	<testcase classname="wh_parse.ParserTest" name="test_889" time="0.001"/>
	<testcase classname="wh_parse.ParserTest" name="test_89" time="0.002"/>
	<testcase classname="wh_parse.ParserTest" name="test_890" time="0.001"/>
	<testcase classname="wh_parse.ParserTest" name="test_891" time="0.001"/>
	<testcase classname="wh_parse.ParserTest" name="test_892" time="0.002"/>
	<testcase classname="wh_parse.ParserTest" name="test_893" time="0.001"/>
	<testcase classname="wh_parse.ParserTest" name="test_894" time="0.001"/>
	<testcase classname="wh_parse.ParserTest" name="test_895" time="0.001"/>
	<testcase classname="wh_parse.ParserTest" name="test_896" time="0.002"/>
	<testcase classname="wh_parse.ParserTest" name="test_897" time="0.001"/>
	<testcase classname="wh_parse.ParserTest" name="test_898" time="0.001"/>
	<testcase classname="wh_parse.ParserTest" name="test_899" time="0.002"/>
	<testcase classname="wh_parse.ParserTest" name="test_9" time="0.001"/>
	<testcase classname="wh_parse.ParserTest" name="test_90" time="0.001"/>
	<testcase classname="wh_parse.ParserTest" name="test_900" time="0.002"/>
	<testcase classname="wh_parse.ParserTest" name="test_901" time="0.001"/>
	<testcase classname="wh_parse.ParserTest" name="test_902" time="0.001"/>
	<testcase classname="wh_parse.ParserTest" name="test_903" time="0.002"/>
	<testcase classname="wh_parse.ParserTest" name="test_904" time="0.001"/>
	<testcase classname="wh_parse.ParserTest" name="test_905" time="0.001"/>
	<testcase classname="wh_parse.ParserTest" name="test_906" time="0.001"/>
	<testcase classname="wh_parse.ParserTest" name="test_907" time="0.002"/>
	<testcase classname="wh_parse.ParserTest" name="test_908" time="0.001"/>
	<testcase classname="wh_parse.ParserTest" name="test_909" time="0.002"/>
	<testcase classname="wh_parse.ParserTest" name="test_91" time="0.001"/>
	<testcase classname="wh_parse.ParserTest" name="test_910" time="0.001"/>
	<testcase classname="wh_parse.ParserTest" name="test_911" time="0.002"/>
	<testcase classname="wh_parse.ParserTest" name="test_912" time="0.001"/>
	<testcase classname="wh_parse.ParserTest" name="test_913" time="0.001"/>
	<testcase classname="wh_parse.ParserTest" name="test_914" time="0.001"/>
	<testcase classname="wh_parse.ParserTest" name="test_915" time="0.002"/>
	<testcase classname="wh_parse.ParserTest" name="test_916" time="0.001"/>
	<testcase classname="wh_parse.ParserTest" name="test_917" time="0.001"/>
	<testcase classname="wh_parse.ParserTest" name="test_918" time="0.002"/>
	<testcase classname="wh_parse.ParserTest" name="test_919" time="0.001"/>
	<testcase classname="wh_parse.ParserTest" name="test_92" time="0.001"/>
	<testcase classname="wh_parse.ParserTest" name="test_920" time="0.002"/>
	<testcase classname="wh_parse.ParserTest" name="test_921" time="0.001"/>
	<testcase classname="wh_parse.ParserTest" name="test_922" time="0.001"/>
	<testcase classname="wh_parse.ParserTest" name="test_923" time="0.002"/>
	<testcase classname="wh_parse.ParserTest" name="test_924" time="0.001"/>
	<testcase classname="wh_parse.ParserTest" name="test_925" time="0.001"/>
	<testcase classname="wh_parse.ParserTest" name="test_926" time="0.001"/>
	<testcase classname="wh_parse.ParserTest" name="test_927" time="0.002"/>
	<testcase classname="wh_parse.ParserTest" name="test_928" time="0.001"/>
	<testcase classname="wh_parse.ParserTest" name="test_929" time="0.001"/>
	<testcase classname="wh_parse.ParserTest" name="test_93" time="0.001"/>
	<testcase classname="wh_parse.ParserTest" name="test_930" time="0.002"/>
	<testcase classname="wh_parse.ParserTest" name="test_931" time="0.001"/>
	<testcase classname="wh_parse.ParserTest" name="test_932" time="0.001"/>
	<testcase classname="wh_parse.ParserTest" name="test_933" time="0.012"/>
	<testcase classname="wh_parse.ParserTest" name="test_934" time="0.002"/>
	<testcase classname="wh_parse.ParserTest" name="test_935" time="0.001"/>
	<testcase classname="wh_parse.ParserTest" name="test_936" time="0.001"/>
	<testcase classname="wh_parse.ParserTest" name="test_937" time="0.002"/>
	<testcase classname="wh_parse.ParserTest" name="test_938" time="0.001"/>
	<testcase classname="wh_parse.ParserTest" name="test_939" time="0.001"/>
	<testcase classname="wh_parse.ParserTest" name="test_94" time="0.002"/>
	<testcase classname="wh_parse.ParserTest" name="test_940" time="0.001"/>
	<testcase classname="wh_parse.ParserTest" name="test_941" time="0.001"/>
	<testcase classname="wh_parse.ParserTest" name="test_942" time="0.001"/>
	<testcase classname="wh_parse.ParserTest" name="test_943" time="0.002"/>
	<testcase classname="wh_parse.ParserTest" name="test_944" time="0.001"/>
	<testcase classname="wh_parse.ParserTest" name="test_945" time="0.002"/>
	<testcase classname="wh_parse.ParserTest" name="test_946" time="0.001"/>
	<testcase classname="wh_parse.ParserTest" name="test_947" time="0.001"/>
	<testcase classname="wh_parse.ParserTest" name="test_948" time="0.001"/>
	<testcase classname="wh_parse.ParserTest" name="test_949" time="0.001"/>
	<testcase classname="wh_parse.ParserTest" name="test_95" time="0.001"/>
	<testcase classname="wh_parse.ParserTest" name="test_950" time="0.002"/>
	<testcase classname="wh_parse.ParserTest" name="test_951" time="0.001"/>
	<testcase classname="wh_parse.ParserTest" name="test_952" time="0.001"/>
	<testcase classname="wh_parse.ParserTest" name="test_953" time="0.002"/>
	<testcase classname="wh_parse.ParserTest" name="test_954" time="0.001"/>
	<testcase classname="wh_parse.ParserTest" name="test_96" time="0.001"/>
	<testcase classname="wh_parse.ParserTest" name="test_97" time="0.001"/>
	<testcase classname="wh_parse.ParserTest" name="test_98" time="0.002"/>
	<testcase classname="wh_parse.ParserTest" name="test_99" time="0.001"/>
	<testcase classname="wh_parse.ParserTest" name="test_424" time="0.002">
		<failure message="views display name begins with &quot;bl&quot; " type="AssertionError">
<![CDATA[Traceback (most recent call last):
  File "<string>", line 1, in test_424
AssertionError: views display name begins with "bl" 
]]>		</failure>
	</testcase>
	<testcase classname="wh_parse.ParserTest" name="test_427" time="0.002">
		<failure message="Autobiographer views display name begins with &quot;bl&quot; " type="AssertionError">
<![CDATA[Traceback (most recent call last):
  File "<string>", line 1, in test_427
AssertionError: Autobiographer views display name begins with "bl" 
]]>		</failure>
	</testcase>
	<testcase classname="wh_parse.ParserTest" name="test_428" time="0.001">
		<failure message="Notable Question Autobiographer views display name begins with &quot;bl&quot; " type="AssertionError">
<![CDATA[Traceback (most recent call last):
  File "<string>", line 1, in test_428
AssertionError: Notable Question Autobiographer views display name begins with "bl" 
]]>		</failure>
	</testcase>
	<testcase classname="wh_parse.ParserTest" name="test_430" time="0.001">
		<failure message="views display name contains &quot;po&quot;" type="AssertionError">
<![CDATA[Traceback (most recent call last):
  File "<string>", line 1, in test_430
AssertionError: views display name contains "po"
]]>		</failure>
	</testcase>
	<testcase classname="wh_parse.ParserTest" name="test_432" time="0.001">
		<failure message="Notable Question views display name contains &quot;po&quot;" type="AssertionError">
<![CDATA[Traceback (most recent call last):
  File "<string>", line 1, in test_432
AssertionError: Notable Question views display name contains "po"
]]>		</failure>
	</testcase>
	<testcase classname="wh_parse.ParserTest" name="test_433" time="0.002">
		<failure message="Autobiographer views display name contains &quot;po&quot; " type="AssertionError">
<![CDATA[Traceback (most recent call last):
  File "<string>", line 1, in test_433
AssertionError: Autobiographer views display name contains "po" 
]]>		</failure>
	</testcase>
	<testcase classname="wh_parse.ParserTest" name="test_436" time="0.002">
		<failure message="views display name ends with &quot;on&quot;" type="AssertionError">
<![CDATA[Traceback (most recent call last):
  File "<string>", line 1, in test_436
AssertionError: views display name ends with "on"
]]>		</failure>
	</testcase>
	<testcase classname="wh_parse.ParserTest" name="test_437" time="0.001">
		<failure message="views name display name ends with &quot;on&quot;" type="AssertionError">
<![CDATA[Traceback (most recent call last):
  File "<string>", line 1, in test_437
AssertionError: views name display name ends with "on"
]]>		</failure>
	</testcase>
	<testcase classname="wh_parse.ParserTest" name="test_438" time="0.002">
		<failure message="Notable Question views display name ends with &quot;on&quot;" type="AssertionError">
<![CDATA[Traceback (most recent call last):
  File "<string>", line 1, in test_438
AssertionError: Notable Question views display name ends with "on"
]]>		</failure>
	</testcase>
	<testcase classname="wh_parse.ParserTest" name="test_439" time="0.001">
		<failure message="Autobiographer views display name ends with &quot;on&quot;" type="AssertionError">
<![CDATA[Traceback (most recent call last):
  File "<string>", line 1, in test_439
AssertionError: Autobiographer views display name ends with "on"
]]>		</failure>
	</testcase>
	<testcase classname="wh_parse.ParserTest" name="test_440" time="0.001">
		<failure message="Notable Question Autobiographer views display name ends with &quot;on&quot;" type="AssertionError">
<![CDATA[Traceback (most recent call last):
  File "<string>", line 1, in test_440
AssertionError: Notable Question Autobiographer views display name ends with "on"
]]>		</failure>
	</testcase>
	<testcase classname="wh_parse.ParserTest" name="test_441" time="0.002">
		<failure message="display name not begins with &quot;bl&quot; " type="AssertionError">
<![CDATA[Traceback (most recent call last):
  File "<string>", line 1, in test_441
AssertionError: display name not begins with "bl" 
]]>		</failure>
	</testcase>
	<testcase classname="wh_parse.ParserTest" name="test_442" time="0.001">
		<failure message="views display name not begins with &quot;bl&quot; " type="AssertionError">
<![CDATA[Traceback (most recent call last):
  File "<string>", line 1, in test_442
AssertionError: views display name not begins with "bl" 
]]>		</failure>
	</testcase>
	<testcase classname="wh_parse.ParserTest" name="test_443" time="0.002">
		<failure message="views name display name not begins with &quot;bl&quot; " type="AssertionError">
<![CDATA[Traceback (most recent call last):
  File "<string>", line 1, in test_443
AssertionError: views name display name not begins with "bl" 
]]>		</failure>
	</testcase>
	<testcase classname="wh_parse.ParserTest" name="test_445" time="0.001">
		<failure message="Autobiographer views display name not begins with &quot;bl&quot; " type="AssertionError">
<![CDATA[Traceback (most recent call last):
  File "<string>", line 1, in test_445
AssertionError: Autobiographer views display name not begins with "bl" 
]]>		</failure>
	</testcase>
	<testcase classname="wh_parse.ParserTest" name="test_447" time="0.002">
		<failure message="display name not contains &quot;po&quot;" type="AssertionError">
<![CDATA[Traceback (most recent call last):
  File "<string>", line 1, in test_447
AssertionError: display name not contains "po"
]]>		</failure>
	</testcase>
	<testcase classname="wh_parse.ParserTest" name="test_448" time="0.002">
		<failure message="views display name not contains &quot;po&quot;" type="AssertionError">
<![CDATA[Traceback (most recent call last):
  File "<string>", line 1, in test_448
AssertionError: views display name not contains "po"
]]>		</failure>
	</testcase>
	<testcase classname="wh_parse.ParserTest" name="test_449" time="0.001">
		<failure message="views name display name not contains &quot;po&quot;" type="AssertionError">
<![CDATA[Traceback (most recent call last):
  File "<string>", line 1, in test_449
AssertionError: views name display name not contains "po"
]]>		</failure>
	</testcase>
	<testcase classname="wh_parse.ParserTest" name="test_450" time="0.002">
		<failure message="Notable Question views display name not contains &quot;po&quot;" type="AssertionError">
<![CDATA[Traceback (most recent call last):
  File "<string>", line 1, in test_450
AssertionError: Notable Question views display name not contains "po"
]]>		</failure>
	</testcase>
	<testcase classname="wh_parse.ParserTest" name="test_454" time="0.002">
		<failure message="views display name not ends with &quot;on&quot;" type="AssertionError">
<![CDATA[Traceback (most recent call last):
  File "<string>", line 1, in test_454
AssertionError: views display name not ends with "on"
]]>		</failure>
	</testcase>
	<testcase classname="wh_parse.ParserTest" name="test_455" time="0.001">
		<failure message="views name display name not ends with &quot;on&quot;" type="AssertionError">
<![CDATA[Traceback (most recent call last):
  File "<string>", line 1, in test_455
AssertionError: views name display name not ends with "on"
]]>		</failure>
	</testcase>
	<testcase classname="wh_parse.ParserTest" name="test_457" time="0.001">
		<failure message="Autobiographer views display name not ends with &quot;on&quot;" type="AssertionError">
<![CDATA[Traceback (most recent call last):
  File "<string>", line 1, in test_457
AssertionError: Autobiographer views display name not ends with "on"
]]>		</failure>
	</testcase>
	<testcase classname="wh_parse.ParserTest" name="test_458" time="0.002">
		<failure message="Notable Question Autobiographer views display name not ends with &quot;on&quot;" type="AssertionError">
<![CDATA[Traceback (most recent call last):
  File "<string>", line 1, in test_458
AssertionError: Notable Question Autobiographer views display name not ends with "on"
]]>		</failure>
	</testcase>
	<testcase classname="wh_parse.ParserTest" name="test_461" time="0.001">
		<failure message="views name display name similar to &quot;bl&quot;" type="AssertionError">
<![CDATA[Traceback (most recent call last):
  File "<string>", line 1, in test_461
AssertionError: views name display name similar to "bl"
]]>		</failure>
	</testcase>
	<testcase classname="wh_parse.ParserTest" name="test_462" time="0.002">
		<failure message="Notable Question views display name similar to &quot;bl&quot;" type="AssertionError">
<![CDATA[Traceback (most recent call last):
  File "<string>", line 1, in test_462
AssertionError: Notable Question views display name similar to "bl"
]]>		</failure>
	</testcase>
	<testcase classname="wh_parse.ParserTest" name="test_463" time="0.001">
		<failure message="Autobiographer views display name similar to &quot;bl&quot;" type="AssertionError">
<![CDATA[Traceback (most recent call last):
  File "<string>", line 1, in test_463
AssertionError: Autobiographer views display name similar to "bl"
]]>		</failure>
	</testcase>
	<testcase classname="wh_parse.ParserTest" name="test_465" time="0.001">
		<failure message="display name not similar to &quot;bl&quot;" type="AssertionError">
<![CDATA[Traceback (most recent call last):
  File "<string>", line 1, in test_465
AssertionError: display name not similar to "bl"
]]>		</failure>
	</testcase>
	<testcase classname="wh_parse.ParserTest" name="test_467" time="0.001">
		<failure message="views name display name not similar to &quot;bl&quot;" type="AssertionError">
<![CDATA[Traceback (most recent call last):
  File "<string>", line 1, in test_467
AssertionError: views name display name not similar to "bl"
]]>		</failure>
	</testcase>
	<testcase classname="wh_parse.ParserTest" name="test_468" time="0.001">
		<failure message="Notable Question views display name not similar to &quot;bl&quot;" type="AssertionError">
<![CDATA[Traceback (most recent call last):
  File "<string>", line 1, in test_468
AssertionError: Notable Question views display name not similar to "bl"
]]>		</failure>
	</testcase>
	<testcase classname="wh_parse.ParserTest" name="test_470" time="0.002">
		<failure message="Notable Question Autobiographer views display name not similar to &quot;bl&quot;" type="AssertionError">
<![CDATA[Traceback (most recent call last):
  File "<string>", line 1, in test_470
AssertionError: Notable Question Autobiographer views display name not similar to "bl"
]]>		</failure>
	</testcase>
	<system-out>
<![CDATA[]]>	</system-out>
	<system-err>
<![CDATA[]]>	</system-err>
</testsuite>
